#
# There is insufficient memory for the Java Runtime Environment to continue.
# Native memory allocation (malloc) failed to allocate 665696 bytes for Chunk::new
# Possible reasons:
#   The system is out of physical RAM or swap space
#   The process is running with CompressedOops enabled, and the Java Heap may be blocking the growth of the native heap
# Possible solutions:
#   Reduce memory load on the system
#   Increase physical memory or swap space
#   Check if swap backing store is full
#   Decrease Java heap size (-Xmx/-Xms)
#   Decrease number of Java threads
#   Decrease Java thread stack sizes (-Xss)
#   Set larger code cache with -XX:ReservedCodeCacheSize=
#   JVM is running with Unscaled Compressed Oops mode in which the Java heap is
#     placed in the first 4GB address space. The Java Heap base address is the
#     maximum limit for the native heap growth. Please use -XX:HeapBaseMinAddress
#     to set the Java Heap base and to place the Java Heap above 4GB virtual address.
# This output file may be truncated or incomplete.
#
#  Out of Memory Error (./src/hotspot/share/memory/arena.cpp:197), pid=8268, tid=1768
#
# JRE version: OpenJDK Runtime Environment (11.0.11+9) (build 11.0.11+9-b60-7590822)
# Java VM: OpenJDK 64-Bit Server VM (11.0.11+9-b60-7590822, mixed mode, tiered, compressed oops, g1 gc, windows-amd64)
# No core dump will be written. Minidumps are not enabled by default on client versions of Windows
#

---------------  S U M M A R Y ------------

Command Line: --add-opens=java.base/java.util=ALL-UNNAMED --add-opens=java.base/java.lang=ALL-UNNAMED --add-opens=java.base/java.lang.invoke=ALL-UNNAMED --add-opens=java.base/java.util=ALL-UNNAMED --add-opens=java.prefs/java.util.prefs=ALL-UNNAMED --add-opens=java.prefs/java.util.prefs=ALL-UNNAMED --add-opens=java.base/java.nio.charset=ALL-UNNAMED --add-opens=java.base/java.net=ALL-UNNAMED --add-opens=java.base/java.util.concurrent.atomic=ALL-UNNAMED -Xmx1536m -Dfile.encoding=windows-1252 -Duser.country=US -Duser.language=en -Duser.variant org.gradle.launcher.daemon.bootstrap.GradleDaemon 7.2

Host: AMD Ryzen 3 3100 4-Core Processor              , 8 cores, 15G,  Windows 10 , 64 bit Build 19041 (10.0.19041.1566)
Time: Tue May 17 17:25:42 2022 Malay Peninsula Standard Time elapsed time: 2.408181 seconds (0d 0h 0m 2s)

---------------  T H R E A D  ---------------

Current thread (0x0000028f52440000):  JavaThread "C2 CompilerThread1" daemon [_thread_in_native, id=1768, stack(0x000000d07a600000,0x000000d07a700000)]


Current CompileTask:
C2:   2408 2213       4       java.net.URLClassLoader$1::run (5 bytes)

Stack: [0x000000d07a600000,0x000000d07a700000]
Native frames: (J=compiled Java code, j=interpreted, Vv=VM code, C=native code)
V  [jvm.dll+0x5f214a]
V  [jvm.dll+0x726fb5]
V  [jvm.dll+0x7285cd]
V  [jvm.dll+0x728c83]
V  [jvm.dll+0x243278]
V  [jvm.dll+0xbc53c]
V  [jvm.dll+0xbca3c]
V  [jvm.dll+0x2b5c34]
V  [jvm.dll+0x508488]
V  [jvm.dll+0x1fd4b5]
V  [jvm.dll+0x1fb35f]
V  [jvm.dll+0x183d6c]
V  [jvm.dll+0x209a57]
V  [jvm.dll+0x2082a1]
V  [jvm.dll+0x6ef58f]
V  [jvm.dll+0x6e80b5]
V  [jvm.dll+0x5f1036]
C  [ucrtbase.dll+0x21bb2]
C  [KERNEL32.DLL+0x17034]
C  [ntdll.dll+0x52651]


---------------  P R O C E S S  ---------------

Threads class SMR info:
_java_thread_list=0x0000028f52cfd1c0, length=25, elements={
0x0000028f345fd800, 0x0000028f4ff74800, 0x0000028f4ffa0800, 0x0000028f4ffff800,
0x0000028f50002000, 0x0000028f50003000, 0x0000028f50004800, 0x0000028f50010000,
0x0000028f50017000, 0x0000028f50180000, 0x0000028f5212e800, 0x0000028f512f9800,
0x0000028f504d9800, 0x0000028f51347000, 0x0000028f51f8a800, 0x0000028f51917000,
0x0000028f526ae000, 0x0000028f529af800, 0x0000028f52945800, 0x0000028f527ac000,
0x0000028f527ab000, 0x0000028f527ad000, 0x0000028f527aa800, 0x0000028f52440000,
0x0000028f527ad800
}

Java Threads: ( => current thread )
  0x0000028f345fd800 JavaThread "main" [_thread_blocked, id=14540, stack(0x000000d078000000,0x000000d078100000)]
  0x0000028f4ff74800 JavaThread "Reference Handler" daemon [_thread_blocked, id=15012, stack(0x000000d078700000,0x000000d078800000)]
  0x0000028f4ffa0800 JavaThread "Finalizer" daemon [_thread_blocked, id=5388, stack(0x000000d078800000,0x000000d078900000)]
  0x0000028f4ffff800 JavaThread "Signal Dispatcher" daemon [_thread_blocked, id=8180, stack(0x000000d078900000,0x000000d078a00000)]
  0x0000028f50002000 JavaThread "Attach Listener" daemon [_thread_blocked, id=12912, stack(0x000000d078a00000,0x000000d078b00000)]
  0x0000028f50003000 JavaThread "Service Thread" daemon [_thread_blocked, id=11224, stack(0x000000d078b00000,0x000000d078c00000)]
  0x0000028f50004800 JavaThread "C2 CompilerThread0" daemon [_thread_in_native, id=13536, stack(0x000000d078c00000,0x000000d078d00000)]
  0x0000028f50010000 JavaThread "C1 CompilerThread0" daemon [_thread_blocked, id=7012, stack(0x000000d078d00000,0x000000d078e00000)]
  0x0000028f50017000 JavaThread "Sweeper thread" daemon [_thread_blocked, id=14708, stack(0x000000d078e00000,0x000000d078f00000)]
  0x0000028f50180000 JavaThread "Common-Cleaner" daemon [_thread_blocked, id=14704, stack(0x000000d078f00000,0x000000d079000000)]
  0x0000028f5212e800 JavaThread "Daemon health stats" [_thread_blocked, id=7972, stack(0x000000d079800000,0x000000d079900000)]
  0x0000028f512f9800 JavaThread "Incoming local TCP Connector on port 65232" [_thread_in_native, id=5316, stack(0x000000d079100000,0x000000d079200000)]
  0x0000028f504d9800 JavaThread "Daemon periodic checks" [_thread_blocked, id=15312, stack(0x000000d079700000,0x000000d079800000)]
  0x0000028f51347000 JavaThread "Daemon" [_thread_blocked, id=12176, stack(0x000000d079900000,0x000000d079a00000)]
  0x0000028f51f8a800 JavaThread "Handler for socket connection from /127.0.0.1:65232 to /127.0.0.1:65233" [_thread_in_native, id=12028, stack(0x000000d079a00000,0x000000d079b00000)]
  0x0000028f51917000 JavaThread "Cancel handler" [_thread_blocked, id=11720, stack(0x000000d079b00000,0x000000d079c00000)]
  0x0000028f526ae000 JavaThread "Daemon worker" [_thread_in_Java, id=14604, stack(0x000000d079c00000,0x000000d079d00000)]
  0x0000028f529af800 JavaThread "Asynchronous log dispatcher for DefaultDaemonConnection: socket connection from /127.0.0.1:65232 to /127.0.0.1:65233" [_thread_blocked, id=13652, stack(0x000000d079d00000,0x000000d079e00000)]
  0x0000028f52945800 JavaThread "Stdin handler" [_thread_blocked, id=14288, stack(0x000000d079e00000,0x000000d079f00000)]
  0x0000028f527ac000 JavaThread "Daemon client event forwarder" [_thread_blocked, id=8504, stack(0x000000d079f00000,0x000000d07a000000)]
  0x0000028f527ab000 JavaThread "Cache worker for journal cache (C:\Users\IMAN\.gradle\caches\journal-1)" [_thread_blocked, id=8912, stack(0x000000d07a000000,0x000000d07a100000)]
  0x0000028f527ad000 JavaThread "File lock request listener" [_thread_in_native, id=6532, stack(0x000000d07a100000,0x000000d07a200000)]
  0x0000028f527aa800 JavaThread "Cache worker for file hash cache (C:\Users\IMAN\.gradle\caches\7.2\fileHashes)" [_thread_blocked, id=14232, stack(0x000000d07a200000,0x000000d07a300000)]
=>0x0000028f52440000 JavaThread "C2 CompilerThread1" daemon [_thread_in_native, id=1768, stack(0x000000d07a600000,0x000000d07a700000)]
  0x0000028f527ad800 JavaThread "Cache worker for file hash cache (D:\AndroidStudio\Health_Care_App-master\.gradle\7.2\fileHashes)" [_thread_blocked, id=9224, stack(0x000000d07a700000,0x000000d07a800000)]

Other Threads:
  0x0000028f4ff70800 VMThread "VM Thread" [stack: 0x000000d078600000,0x000000d078700000] [id=15000]
  0x0000028f501a3000 WatcherThread [stack: 0x000000d079000000,0x000000d079100000] [id=12328]
  0x0000028f34615000 GCTaskThread "GC Thread#0" [stack: 0x000000d078100000,0x000000d078200000] [id=14544]
  0x0000028f50d40800 GCTaskThread "GC Thread#1" [stack: 0x000000d079200000,0x000000d079300000] [id=12944]
  0x0000028f50d45800 GCTaskThread "GC Thread#2" [stack: 0x000000d079300000,0x000000d079400000] [id=8008]
  0x0000028f50d41800 GCTaskThread "GC Thread#3" [stack: 0x000000d079400000,0x000000d079500000] [id=1176]
  0x0000028f50d46000 GCTaskThread "GC Thread#4" [stack: 0x000000d079500000,0x000000d079600000] [id=14740]
  0x0000028f50d41000 GCTaskThread "GC Thread#5" [stack: 0x000000d079600000,0x000000d079700000] [id=14724]
  0x0000028f50d44000 GCTaskThread "GC Thread#6" [stack: 0x000000d07a300000,0x000000d07a400000] [id=14384]
  0x0000028f50d47000 GCTaskThread "GC Thread#7" [stack: 0x000000d07a400000,0x000000d07a500000] [id=14388]
  0x0000028f3463d800 ConcurrentGCThread "G1 Main Marker" [stack: 0x000000d078200000,0x000000d078300000] [id=14148]
  0x0000028f3463e800 ConcurrentGCThread "G1 Conc#0" [stack: 0x000000d078300000,0x000000d078400000] [id=14972]
  0x0000028f50d44800 ConcurrentGCThread "G1 Conc#1" [stack: 0x000000d07a500000,0x000000d07a600000] [id=14568]
  0x0000028f346dd800 ConcurrentGCThread "G1 Refine#0" [stack: 0x000000d078400000,0x000000d078500000] [id=14980]
  0x0000028f346de000 ConcurrentGCThread "G1 Young RemSet Sampling" [stack: 0x000000d078500000,0x000000d078600000] [id=15004]

Threads with active compile tasks:
C2 CompilerThread0   2429 2214   !   4       java.net.URLClassLoader$1::run (63 bytes)
C1 CompilerThread0   2429 2242       2       java.util.Arrays::copyOf (40 bytes)
C2 CompilerThread1   2429 2213       4       java.net.URLClassLoader$1::run (5 bytes)

VM state:not at safepoint (normal execution)

VM Mutex/Monitor currently owned by a thread:  ([mutex/lock_event])
[0x0000028f345f7210] CodeCache_lock - owner thread: 0x0000028f50010000

Heap address: 0x00000000a0000000, size: 1536 MB, Compressed Oops mode: 32-bit
Narrow klass base: 0x0000000000000000, Narrow klass shift: 3
Compressed class space size: 1073741824 Address: 0x0000000100000000

Heap:
 garbage-first heap   total 262144K, used 20635K [0x00000000a0000000, 0x0000000100000000)
  region size 1024K, 5 young (5120K), 3 survivors (3072K)
 Metaspace       used 25536K, capacity 26130K, committed 26368K, reserved 1073152K
  class space    used 3319K, capacity 3531K, committed 3584K, reserved 1048576K
Heap Regions: E=young(eden), S=young(survivor), O=old, HS=humongous(starts), HC=humongous(continues), CS=collection set, F=free, A=archive, TAMS=top-at-mark-start (previous, next)
|   0|0x00000000a0000000, 0x00000000a0100000, 0x00000000a0100000|100%| O|  |TAMS 0x00000000a0000000, 0x00000000a0000000| Untracked 
|   1|0x00000000a0100000, 0x00000000a0200000, 0x00000000a0200000|100%| O|  |TAMS 0x00000000a0100000, 0x00000000a0100000| Untracked 
|   2|0x00000000a0200000, 0x00000000a0300000, 0x00000000a0300000|100%| O|  |TAMS 0x00000000a0200000, 0x00000000a0200000| Untracked 
|   3|0x00000000a0300000, 0x00000000a0400000, 0x00000000a0400000|100%|HS|  |TAMS 0x00000000a0400000, 0x00000000a0300000| Complete 
|   4|0x00000000a0400000, 0x00000000a0500000, 0x00000000a0500000|100%|HC|  |TAMS 0x00000000a0500000, 0x00000000a0400000| Complete 
|   5|0x00000000a0500000, 0x00000000a0600000, 0x00000000a0600000|100%|HC|  |TAMS 0x00000000a0600000, 0x00000000a0500000| Complete 
|   6|0x00000000a0600000, 0x00000000a0700000, 0x00000000a0700000|100%| O|  |TAMS 0x00000000a0700000, 0x00000000a0600000| Untracked 
|   7|0x00000000a0700000, 0x00000000a0800000, 0x00000000a0800000|100%| O|  |TAMS 0x00000000a0800000, 0x00000000a0700000| Untracked 
|   8|0x00000000a0800000, 0x00000000a0900000, 0x00000000a0900000|100%| O|  |TAMS 0x00000000a0900000, 0x00000000a0800000| Untracked 
|   9|0x00000000a0900000, 0x00000000a0a00000, 0x00000000a0a00000|100%| O|  |TAMS 0x00000000a0975c00, 0x00000000a0900000| Untracked 
|  10|0x00000000a0a00000, 0x00000000a0b00000, 0x00000000a0b00000|100%| O|  |TAMS 0x00000000a0a00000, 0x00000000a0a00000| Untracked 
|  11|0x00000000a0b00000, 0x00000000a0c00000, 0x00000000a0c00000|100%| O|  |TAMS 0x00000000a0b00000, 0x00000000a0b00000| Untracked 
|  12|0x00000000a0c00000, 0x00000000a0d00000, 0x00000000a0d00000|100%| O|  |TAMS 0x00000000a0c00000, 0x00000000a0c00000| Untracked 
|  13|0x00000000a0d00000, 0x00000000a0e00000, 0x00000000a0e00000|100%| O|  |TAMS 0x00000000a0d00000, 0x00000000a0d00000| Untracked 
|  14|0x00000000a0e00000, 0x00000000a0f00000, 0x00000000a0f00000|100%| O|  |TAMS 0x00000000a0e00000, 0x00000000a0e00000| Untracked 
|  15|0x00000000a0f00000, 0x00000000a1000000, 0x00000000a1000000|100%| O|  |TAMS 0x00000000a0f00000, 0x00000000a0f00000| Untracked 
|  16|0x00000000a1000000, 0x00000000a10ca200, 0x00000000a1100000| 78%| O|  |TAMS 0x00000000a1000000, 0x00000000a1000000| Untracked 
|  17|0x00000000a1100000, 0x00000000a1100000, 0x00000000a1200000|  0%| F|  |TAMS 0x00000000a1100000, 0x00000000a1100000| Untracked 
|  18|0x00000000a1200000, 0x00000000a1200000, 0x00000000a1300000|  0%| F|  |TAMS 0x00000000a1200000, 0x00000000a1200000| Untracked 
|  19|0x00000000a1300000, 0x00000000a1300000, 0x00000000a1400000|  0%| F|  |TAMS 0x00000000a1300000, 0x00000000a1300000| Untracked 
|  20|0x00000000a1400000, 0x00000000a1400000, 0x00000000a1500000|  0%| F|  |TAMS 0x00000000a1400000, 0x00000000a1400000| Untracked 
|  21|0x00000000a1500000, 0x00000000a1500000, 0x00000000a1600000|  0%| F|  |TAMS 0x00000000a1500000, 0x00000000a1500000| Untracked 
|  22|0x00000000a1600000, 0x00000000a1600000, 0x00000000a1700000|  0%| F|  |TAMS 0x00000000a1600000, 0x00000000a1600000| Untracked 
|  23|0x00000000a1700000, 0x00000000a1700000, 0x00000000a1800000|  0%| F|  |TAMS 0x00000000a1700000, 0x00000000a1700000| Untracked 
|  24|0x00000000a1800000, 0x00000000a1800000, 0x00000000a1900000|  0%| F|  |TAMS 0x00000000a1800000, 0x00000000a1800000| Untracked 
|  25|0x00000000a1900000, 0x00000000a1900000, 0x00000000a1a00000|  0%| F|  |TAMS 0x00000000a1900000, 0x00000000a1900000| Untracked 
|  26|0x00000000a1a00000, 0x00000000a1a00000, 0x00000000a1b00000|  0%| F|  |TAMS 0x00000000a1a00000, 0x00000000a1a00000| Untracked 
|  27|0x00000000a1b00000, 0x00000000a1b00000, 0x00000000a1c00000|  0%| F|  |TAMS 0x00000000a1b00000, 0x00000000a1b00000| Untracked 
|  28|0x00000000a1c00000, 0x00000000a1c00000, 0x00000000a1d00000|  0%| F|  |TAMS 0x00000000a1c00000, 0x00000000a1c00000| Untracked 
|  29|0x00000000a1d00000, 0x00000000a1d00000, 0x00000000a1e00000|  0%| F|  |TAMS 0x00000000a1d00000, 0x00000000a1d00000| Untracked 
|  30|0x00000000a1e00000, 0x00000000a1e00000, 0x00000000a1f00000|  0%| F|  |TAMS 0x00000000a1e00000, 0x00000000a1e00000| Untracked 
|  31|0x00000000a1f00000, 0x00000000a1f00000, 0x00000000a2000000|  0%| F|  |TAMS 0x00000000a1f00000, 0x00000000a1f00000| Untracked 
|  32|0x00000000a2000000, 0x00000000a2000000, 0x00000000a2100000|  0%| F|  |TAMS 0x00000000a2000000, 0x00000000a2000000| Untracked 
|  33|0x00000000a2100000, 0x00000000a2100000, 0x00000000a2200000|  0%| F|  |TAMS 0x00000000a2100000, 0x00000000a2100000| Untracked 
|  34|0x00000000a2200000, 0x00000000a2200000, 0x00000000a2300000|  0%| F|  |TAMS 0x00000000a2200000, 0x00000000a2200000| Untracked 
|  35|0x00000000a2300000, 0x00000000a2300000, 0x00000000a2400000|  0%| F|  |TAMS 0x00000000a2300000, 0x00000000a2300000| Untracked 
|  36|0x00000000a2400000, 0x00000000a2400000, 0x00000000a2500000|  0%| F|  |TAMS 0x00000000a2400000, 0x00000000a2400000| Untracked 
|  37|0x00000000a2500000, 0x00000000a2500000, 0x00000000a2600000|  0%| F|  |TAMS 0x00000000a2500000, 0x00000000a2500000| Untracked 
|  38|0x00000000a2600000, 0x00000000a2600000, 0x00000000a2700000|  0%| F|  |TAMS 0x00000000a2600000, 0x00000000a2600000| Untracked 
|  39|0x00000000a2700000, 0x00000000a2700000, 0x00000000a2800000|  0%| F|  |TAMS 0x00000000a2700000, 0x00000000a2700000| Untracked 
|  40|0x00000000a2800000, 0x00000000a2800000, 0x00000000a2900000|  0%| F|  |TAMS 0x00000000a2800000, 0x00000000a2800000| Untracked 
|  41|0x00000000a2900000, 0x00000000a2900000, 0x00000000a2a00000|  0%| F|  |TAMS 0x00000000a2900000, 0x00000000a2900000| Untracked 
|  42|0x00000000a2a00000, 0x00000000a2a00000, 0x00000000a2b00000|  0%| F|  |TAMS 0x00000000a2a00000, 0x00000000a2a00000| Untracked 
|  43|0x00000000a2b00000, 0x00000000a2b00000, 0x00000000a2c00000|  0%| F|  |TAMS 0x00000000a2b00000, 0x00000000a2b00000| Untracked 
|  44|0x00000000a2c00000, 0x00000000a2c00000, 0x00000000a2d00000|  0%| F|  |TAMS 0x00000000a2c00000, 0x00000000a2c00000| Untracked 
|  45|0x00000000a2d00000, 0x00000000a2d00000, 0x00000000a2e00000|  0%| F|  |TAMS 0x00000000a2d00000, 0x00000000a2d00000| Untracked 
|  46|0x00000000a2e00000, 0x00000000a2e00000, 0x00000000a2f00000|  0%| F|  |TAMS 0x00000000a2e00000, 0x00000000a2e00000| Untracked 
|  47|0x00000000a2f00000, 0x00000000a2f00000, 0x00000000a3000000|  0%| F|  |TAMS 0x00000000a2f00000, 0x00000000a2f00000| Untracked 
|  48|0x00000000a3000000, 0x00000000a3000000, 0x00000000a3100000|  0%| F|  |TAMS 0x00000000a3000000, 0x00000000a3000000| Untracked 
|  49|0x00000000a3100000, 0x00000000a3100000, 0x00000000a3200000|  0%| F|  |TAMS 0x00000000a3100000, 0x00000000a3100000| Untracked 
|  50|0x00000000a3200000, 0x00000000a3200000, 0x00000000a3300000|  0%| F|  |TAMS 0x00000000a3200000, 0x00000000a3200000| Untracked 
|  51|0x00000000a3300000, 0x00000000a3300000, 0x00000000a3400000|  0%| F|  |TAMS 0x00000000a3300000, 0x00000000a3300000| Untracked 
|  52|0x00000000a3400000, 0x00000000a3400000, 0x00000000a3500000|  0%| F|  |TAMS 0x00000000a3400000, 0x00000000a3400000| Untracked 
|  53|0x00000000a3500000, 0x00000000a3500000, 0x00000000a3600000|  0%| F|  |TAMS 0x00000000a3500000, 0x00000000a3500000| Untracked 
|  54|0x00000000a3600000, 0x00000000a3600000, 0x00000000a3700000|  0%| F|  |TAMS 0x00000000a3600000, 0x00000000a3600000| Untracked 
|  55|0x00000000a3700000, 0x00000000a3700000, 0x00000000a3800000|  0%| F|  |TAMS 0x00000000a3700000, 0x00000000a3700000| Untracked 
|  56|0x00000000a3800000, 0x00000000a3800000, 0x00000000a3900000|  0%| F|  |TAMS 0x00000000a3800000, 0x00000000a3800000| Untracked 
|  57|0x00000000a3900000, 0x00000000a3900000, 0x00000000a3a00000|  0%| F|  |TAMS 0x00000000a3900000, 0x00000000a3900000| Untracked 
|  58|0x00000000a3a00000, 0x00000000a3a00000, 0x00000000a3b00000|  0%| F|  |TAMS 0x00000000a3a00000, 0x00000000a3a00000| Untracked 
|  59|0x00000000a3b00000, 0x00000000a3b00000, 0x00000000a3c00000|  0%| F|  |TAMS 0x00000000a3b00000, 0x00000000a3b00000| Untracked 
|  60|0x00000000a3c00000, 0x00000000a3c00000, 0x00000000a3d00000|  0%| F|  |TAMS 0x00000000a3c00000, 0x00000000a3c00000| Untracked 
|  61|0x00000000a3d00000, 0x00000000a3d00000, 0x00000000a3e00000|  0%| F|  |TAMS 0x00000000a3d00000, 0x00000000a3d00000| Untracked 
|  62|0x00000000a3e00000, 0x00000000a3e00000, 0x00000000a3f00000|  0%| F|  |TAMS 0x00000000a3e00000, 0x00000000a3e00000| Untracked 
|  63|0x00000000a3f00000, 0x00000000a3f00000, 0x00000000a4000000|  0%| F|  |TAMS 0x00000000a3f00000, 0x00000000a3f00000| Untracked 
|  64|0x00000000a4000000, 0x00000000a4000000, 0x00000000a4100000|  0%| F|  |TAMS 0x00000000a4000000, 0x00000000a4000000| Untracked 
|  65|0x00000000a4100000, 0x00000000a4100000, 0x00000000a4200000|  0%| F|  |TAMS 0x00000000a4100000, 0x00000000a4100000| Untracked 
|  66|0x00000000a4200000, 0x00000000a4200000, 0x00000000a4300000|  0%| F|  |TAMS 0x00000000a4200000, 0x00000000a4200000| Untracked 
|  67|0x00000000a4300000, 0x00000000a4300000, 0x00000000a4400000|  0%| F|  |TAMS 0x00000000a4300000, 0x00000000a4300000| Untracked 
|  68|0x00000000a4400000, 0x00000000a4400000, 0x00000000a4500000|  0%| F|  |TAMS 0x00000000a4400000, 0x00000000a4400000| Untracked 
|  69|0x00000000a4500000, 0x00000000a4500000, 0x00000000a4600000|  0%| F|  |TAMS 0x00000000a4500000, 0x00000000a4500000| Untracked 
|  70|0x00000000a4600000, 0x00000000a4600000, 0x00000000a4700000|  0%| F|  |TAMS 0x00000000a4600000, 0x00000000a4600000| Untracked 
|  71|0x00000000a4700000, 0x00000000a4700000, 0x00000000a4800000|  0%| F|  |TAMS 0x00000000a4700000, 0x00000000a4700000| Untracked 
|  72|0x00000000a4800000, 0x00000000a4800000, 0x00000000a4900000|  0%| F|  |TAMS 0x00000000a4800000, 0x00000000a4800000| Untracked 
|  73|0x00000000a4900000, 0x00000000a4900000, 0x00000000a4a00000|  0%| F|  |TAMS 0x00000000a4900000, 0x00000000a4900000| Untracked 
|  74|0x00000000a4a00000, 0x00000000a4a00000, 0x00000000a4b00000|  0%| F|  |TAMS 0x00000000a4a00000, 0x00000000a4a00000| Untracked 
|  75|0x00000000a4b00000, 0x00000000a4b00000, 0x00000000a4c00000|  0%| F|  |TAMS 0x00000000a4b00000, 0x00000000a4b00000| Untracked 
|  76|0x00000000a4c00000, 0x00000000a4c00000, 0x00000000a4d00000|  0%| F|  |TAMS 0x00000000a4c00000, 0x00000000a4c00000| Untracked 
|  77|0x00000000a4d00000, 0x00000000a4d00000, 0x00000000a4e00000|  0%| F|  |TAMS 0x00000000a4d00000, 0x00000000a4d00000| Untracked 
|  78|0x00000000a4e00000, 0x00000000a4e00000, 0x00000000a4f00000|  0%| F|  |TAMS 0x00000000a4e00000, 0x00000000a4e00000| Untracked 
|  79|0x00000000a4f00000, 0x00000000a4f00000, 0x00000000a5000000|  0%| F|  |TAMS 0x00000000a4f00000, 0x00000000a4f00000| Untracked 
|  80|0x00000000a5000000, 0x00000000a5000000, 0x00000000a5100000|  0%| F|  |TAMS 0x00000000a5000000, 0x00000000a5000000| Untracked 
|  81|0x00000000a5100000, 0x00000000a5100000, 0x00000000a5200000|  0%| F|  |TAMS 0x00000000a5100000, 0x00000000a5100000| Untracked 
|  82|0x00000000a5200000, 0x00000000a5200000, 0x00000000a5300000|  0%| F|  |TAMS 0x00000000a5200000, 0x00000000a5200000| Untracked 
|  83|0x00000000a5300000, 0x00000000a5300000, 0x00000000a5400000|  0%| F|  |TAMS 0x00000000a5300000, 0x00000000a5300000| Untracked 
|  84|0x00000000a5400000, 0x00000000a5400000, 0x00000000a5500000|  0%| F|  |TAMS 0x00000000a5400000, 0x00000000a5400000| Untracked 
|  85|0x00000000a5500000, 0x00000000a5500000, 0x00000000a5600000|  0%| F|  |TAMS 0x00000000a5500000, 0x00000000a5500000| Untracked 
|  86|0x00000000a5600000, 0x00000000a5600000, 0x00000000a5700000|  0%| F|  |TAMS 0x00000000a5600000, 0x00000000a5600000| Untracked 
|  87|0x00000000a5700000, 0x00000000a5700000, 0x00000000a5800000|  0%| F|  |TAMS 0x00000000a5700000, 0x00000000a5700000| Untracked 
|  88|0x00000000a5800000, 0x00000000a5800000, 0x00000000a5900000|  0%| F|  |TAMS 0x00000000a5800000, 0x00000000a5800000| Untracked 
|  89|0x00000000a5900000, 0x00000000a5900000, 0x00000000a5a00000|  0%| F|  |TAMS 0x00000000a5900000, 0x00000000a5900000| Untracked 
|  90|0x00000000a5a00000, 0x00000000a5a00000, 0x00000000a5b00000|  0%| F|  |TAMS 0x00000000a5a00000, 0x00000000a5a00000| Untracked 
|  91|0x00000000a5b00000, 0x00000000a5b00000, 0x00000000a5c00000|  0%| F|  |TAMS 0x00000000a5b00000, 0x00000000a5b00000| Untracked 
|  92|0x00000000a5c00000, 0x00000000a5c00000, 0x00000000a5d00000|  0%| F|  |TAMS 0x00000000a5c00000, 0x00000000a5c00000| Untracked 
|  93|0x00000000a5d00000, 0x00000000a5d00000, 0x00000000a5e00000|  0%| F|  |TAMS 0x00000000a5d00000, 0x00000000a5d00000| Untracked 
|  94|0x00000000a5e00000, 0x00000000a5e00000, 0x00000000a5f00000|  0%| F|  |TAMS 0x00000000a5e00000, 0x00000000a5e00000| Untracked 
|  95|0x00000000a5f00000, 0x00000000a5f00000, 0x00000000a6000000|  0%| F|  |TAMS 0x00000000a5f00000, 0x00000000a5f00000| Untracked 
|  96|0x00000000a6000000, 0x00000000a6000000, 0x00000000a6100000|  0%| F|  |TAMS 0x00000000a6000000, 0x00000000a6000000| Untracked 
|  97|0x00000000a6100000, 0x00000000a6100000, 0x00000000a6200000|  0%| F|  |TAMS 0x00000000a6100000, 0x00000000a6100000| Untracked 
|  98|0x00000000a6200000, 0x00000000a6200000, 0x00000000a6300000|  0%| F|  |TAMS 0x00000000a6200000, 0x00000000a6200000| Untracked 
|  99|0x00000000a6300000, 0x00000000a6300000, 0x00000000a6400000|  0%| F|  |TAMS 0x00000000a6300000, 0x00000000a6300000| Untracked 
| 100|0x00000000a6400000, 0x00000000a6400000, 0x00000000a6500000|  0%| F|  |TAMS 0x00000000a6400000, 0x00000000a6400000| Untracked 
| 101|0x00000000a6500000, 0x00000000a6500000, 0x00000000a6600000|  0%| F|  |TAMS 0x00000000a6500000, 0x00000000a6500000| Untracked 
| 102|0x00000000a6600000, 0x00000000a6600000, 0x00000000a6700000|  0%| F|  |TAMS 0x00000000a6600000, 0x00000000a6600000| Untracked 
| 103|0x00000000a6700000, 0x00000000a6700000, 0x00000000a6800000|  0%| F|  |TAMS 0x00000000a6700000, 0x00000000a6700000| Untracked 
| 104|0x00000000a6800000, 0x00000000a6800000, 0x00000000a6900000|  0%| F|  |TAMS 0x00000000a6800000, 0x00000000a6800000| Untracked 
| 105|0x00000000a6900000, 0x00000000a6900000, 0x00000000a6a00000|  0%| F|  |TAMS 0x00000000a6900000, 0x00000000a6900000| Untracked 
| 106|0x00000000a6a00000, 0x00000000a6a00000, 0x00000000a6b00000|  0%| F|  |TAMS 0x00000000a6a00000, 0x00000000a6a00000| Untracked 
| 107|0x00000000a6b00000, 0x00000000a6b00000, 0x00000000a6c00000|  0%| F|  |TAMS 0x00000000a6b00000, 0x00000000a6b00000| Untracked 
| 108|0x00000000a6c00000, 0x00000000a6c00000, 0x00000000a6d00000|  0%| F|  |TAMS 0x00000000a6c00000, 0x00000000a6c00000| Untracked 
| 109|0x00000000a6d00000, 0x00000000a6d00000, 0x00000000a6e00000|  0%| F|  |TAMS 0x00000000a6d00000, 0x00000000a6d00000| Untracked 
| 110|0x00000000a6e00000, 0x00000000a6e00000, 0x00000000a6f00000|  0%| F|  |TAMS 0x00000000a6e00000, 0x00000000a6e00000| Untracked 
| 111|0x00000000a6f00000, 0x00000000a6f00000, 0x00000000a7000000|  0%| F|  |TAMS 0x00000000a6f00000, 0x00000000a6f00000| Untracked 
| 112|0x00000000a7000000, 0x00000000a7000000, 0x00000000a7100000|  0%| F|  |TAMS 0x00000000a7000000, 0x00000000a7000000| Untracked 
| 113|0x00000000a7100000, 0x00000000a7100000, 0x00000000a7200000|  0%| F|  |TAMS 0x00000000a7100000, 0x00000000a7100000| Untracked 
| 114|0x00000000a7200000, 0x00000000a7200000, 0x00000000a7300000|  0%| F|  |TAMS 0x00000000a7200000, 0x00000000a7200000| Untracked 
| 115|0x00000000a7300000, 0x00000000a7300000, 0x00000000a7400000|  0%| F|  |TAMS 0x00000000a7300000, 0x00000000a7300000| Untracked 
| 116|0x00000000a7400000, 0x00000000a7400000, 0x00000000a7500000|  0%| F|  |TAMS 0x00000000a7400000, 0x00000000a7400000| Untracked 
| 117|0x00000000a7500000, 0x00000000a7500000, 0x00000000a7600000|  0%| F|  |TAMS 0x00000000a7500000, 0x00000000a7500000| Untracked 
| 118|0x00000000a7600000, 0x00000000a7600000, 0x00000000a7700000|  0%| F|  |TAMS 0x00000000a7600000, 0x00000000a7600000| Untracked 
| 119|0x00000000a7700000, 0x00000000a7700000, 0x00000000a7800000|  0%| F|  |TAMS 0x00000000a7700000, 0x00000000a7700000| Untracked 
| 120|0x00000000a7800000, 0x00000000a7800000, 0x00000000a7900000|  0%| F|  |TAMS 0x00000000a7800000, 0x00000000a7800000| Untracked 
| 121|0x00000000a7900000, 0x00000000a7900000, 0x00000000a7a00000|  0%| F|  |TAMS 0x00000000a7900000, 0x00000000a7900000| Untracked 
| 122|0x00000000a7a00000, 0x00000000a7a00000, 0x00000000a7b00000|  0%| F|  |TAMS 0x00000000a7a00000, 0x00000000a7a00000| Untracked 
| 123|0x00000000a7b00000, 0x00000000a7b00000, 0x00000000a7c00000|  0%| F|  |TAMS 0x00000000a7b00000, 0x00000000a7b00000| Untracked 
| 124|0x00000000a7c00000, 0x00000000a7c00000, 0x00000000a7d00000|  0%| F|  |TAMS 0x00000000a7c00000, 0x00000000a7c00000| Untracked 
| 125|0x00000000a7d00000, 0x00000000a7d00000, 0x00000000a7e00000|  0%| F|  |TAMS 0x00000000a7d00000, 0x00000000a7d00000| Untracked 
| 126|0x00000000a7e00000, 0x00000000a7e00000, 0x00000000a7f00000|  0%| F|  |TAMS 0x00000000a7e00000, 0x00000000a7e00000| Untracked 
| 127|0x00000000a7f00000, 0x00000000a7f00000, 0x00000000a8000000|  0%| F|  |TAMS 0x00000000a7f00000, 0x00000000a7f00000| Untracked 
| 128|0x00000000a8000000, 0x00000000a8000000, 0x00000000a8100000|  0%| F|  |TAMS 0x00000000a8000000, 0x00000000a8000000| Untracked 
| 129|0x00000000a8100000, 0x00000000a8100000, 0x00000000a8200000|  0%| F|  |TAMS 0x00000000a8100000, 0x00000000a8100000| Untracked 
| 130|0x00000000a8200000, 0x00000000a8200000, 0x00000000a8300000|  0%| F|  |TAMS 0x00000000a8200000, 0x00000000a8200000| Untracked 
| 131|0x00000000a8300000, 0x00000000a8300000, 0x00000000a8400000|  0%| F|  |TAMS 0x00000000a8300000, 0x00000000a8300000| Untracked 
| 132|0x00000000a8400000, 0x00000000a8400000, 0x00000000a8500000|  0%| F|  |TAMS 0x00000000a8400000, 0x00000000a8400000| Untracked 
| 133|0x00000000a8500000, 0x00000000a8500000, 0x00000000a8600000|  0%| F|  |TAMS 0x00000000a8500000, 0x00000000a8500000| Untracked 
| 134|0x00000000a8600000, 0x00000000a8600000, 0x00000000a8700000|  0%| F|  |TAMS 0x00000000a8600000, 0x00000000a8600000| Untracked 
| 135|0x00000000a8700000, 0x00000000a8700000, 0x00000000a8800000|  0%| F|  |TAMS 0x00000000a8700000, 0x00000000a8700000| Untracked 
| 136|0x00000000a8800000, 0x00000000a8800000, 0x00000000a8900000|  0%| F|  |TAMS 0x00000000a8800000, 0x00000000a8800000| Untracked 
| 137|0x00000000a8900000, 0x00000000a8900000, 0x00000000a8a00000|  0%| F|  |TAMS 0x00000000a8900000, 0x00000000a8900000| Untracked 
| 138|0x00000000a8a00000, 0x00000000a8a00000, 0x00000000a8b00000|  0%| F|  |TAMS 0x00000000a8a00000, 0x00000000a8a00000| Untracked 
| 139|0x00000000a8b00000, 0x00000000a8b00000, 0x00000000a8c00000|  0%| F|  |TAMS 0x00000000a8b00000, 0x00000000a8b00000| Untracked 
| 140|0x00000000a8c00000, 0x00000000a8c00000, 0x00000000a8d00000|  0%| F|  |TAMS 0x00000000a8c00000, 0x00000000a8c00000| Untracked 
| 141|0x00000000a8d00000, 0x00000000a8d00000, 0x00000000a8e00000|  0%| F|  |TAMS 0x00000000a8d00000, 0x00000000a8d00000| Untracked 
| 142|0x00000000a8e00000, 0x00000000a8e00000, 0x00000000a8f00000|  0%| F|  |TAMS 0x00000000a8e00000, 0x00000000a8e00000| Untracked 
| 143|0x00000000a8f00000, 0x00000000a8f00000, 0x00000000a9000000|  0%| F|  |TAMS 0x00000000a8f00000, 0x00000000a8f00000| Untracked 
| 144|0x00000000a9000000, 0x00000000a9000000, 0x00000000a9100000|  0%| F|  |TAMS 0x00000000a9000000, 0x00000000a9000000| Untracked 
| 145|0x00000000a9100000, 0x00000000a9100000, 0x00000000a9200000|  0%| F|  |TAMS 0x00000000a9100000, 0x00000000a9100000| Untracked 
| 146|0x00000000a9200000, 0x00000000a9200000, 0x00000000a9300000|  0%| F|  |TAMS 0x00000000a9200000, 0x00000000a9200000| Untracked 
| 147|0x00000000a9300000, 0x00000000a9300000, 0x00000000a9400000|  0%| F|  |TAMS 0x00000000a9300000, 0x00000000a9300000| Untracked 
| 148|0x00000000a9400000, 0x00000000a9400000, 0x00000000a9500000|  0%| F|  |TAMS 0x00000000a9400000, 0x00000000a9400000| Untracked 
| 149|0x00000000a9500000, 0x00000000a9500000, 0x00000000a9600000|  0%| F|  |TAMS 0x00000000a9500000, 0x00000000a9500000| Untracked 
| 150|0x00000000a9600000, 0x00000000a9600000, 0x00000000a9700000|  0%| F|  |TAMS 0x00000000a9600000, 0x00000000a9600000| Untracked 
| 151|0x00000000a9700000, 0x00000000a9700000, 0x00000000a9800000|  0%| F|  |TAMS 0x00000000a9700000, 0x00000000a9700000| Untracked 
| 152|0x00000000a9800000, 0x00000000a9800000, 0x00000000a9900000|  0%| F|  |TAMS 0x00000000a9800000, 0x00000000a9800000| Untracked 
| 153|0x00000000a9900000, 0x00000000a9900000, 0x00000000a9a00000|  0%| F|  |TAMS 0x00000000a9900000, 0x00000000a9900000| Untracked 
| 154|0x00000000a9a00000, 0x00000000a9a00000, 0x00000000a9b00000|  0%| F|  |TAMS 0x00000000a9a00000, 0x00000000a9a00000| Untracked 
| 155|0x00000000a9b00000, 0x00000000a9b00000, 0x00000000a9c00000|  0%| F|  |TAMS 0x00000000a9b00000, 0x00000000a9b00000| Untracked 
| 156|0x00000000a9c00000, 0x00000000a9c00000, 0x00000000a9d00000|  0%| F|  |TAMS 0x00000000a9c00000, 0x00000000a9c00000| Untracked 
| 157|0x00000000a9d00000, 0x00000000a9d00000, 0x00000000a9e00000|  0%| F|  |TAMS 0x00000000a9d00000, 0x00000000a9d00000| Untracked 
| 158|0x00000000a9e00000, 0x00000000a9e00000, 0x00000000a9f00000|  0%| F|  |TAMS 0x00000000a9e00000, 0x00000000a9e00000| Untracked 
| 159|0x00000000a9f00000, 0x00000000a9f00000, 0x00000000aa000000|  0%| F|  |TAMS 0x00000000a9f00000, 0x00000000a9f00000| Untracked 
| 160|0x00000000aa000000, 0x00000000aa000000, 0x00000000aa100000|  0%| F|  |TAMS 0x00000000aa000000, 0x00000000aa000000| Untracked 
| 161|0x00000000aa100000, 0x00000000aa100000, 0x00000000aa200000|  0%| F|  |TAMS 0x00000000aa100000, 0x00000000aa100000| Untracked 
| 162|0x00000000aa200000, 0x00000000aa200000, 0x00000000aa300000|  0%| F|  |TAMS 0x00000000aa200000, 0x00000000aa200000| Untracked 
| 163|0x00000000aa300000, 0x00000000aa300000, 0x00000000aa400000|  0%| F|  |TAMS 0x00000000aa300000, 0x00000000aa300000| Untracked 
| 164|0x00000000aa400000, 0x00000000aa400000, 0x00000000aa500000|  0%| F|  |TAMS 0x00000000aa400000, 0x00000000aa400000| Untracked 
| 165|0x00000000aa500000, 0x00000000aa500000, 0x00000000aa600000|  0%| F|  |TAMS 0x00000000aa500000, 0x00000000aa500000| Untracked 
| 166|0x00000000aa600000, 0x00000000aa600000, 0x00000000aa700000|  0%| F|  |TAMS 0x00000000aa600000, 0x00000000aa600000| Untracked 
| 167|0x00000000aa700000, 0x00000000aa700000, 0x00000000aa800000|  0%| F|  |TAMS 0x00000000aa700000, 0x00000000aa700000| Untracked 
| 168|0x00000000aa800000, 0x00000000aa800000, 0x00000000aa900000|  0%| F|  |TAMS 0x00000000aa800000, 0x00000000aa800000| Untracked 
| 169|0x00000000aa900000, 0x00000000aa900000, 0x00000000aaa00000|  0%| F|  |TAMS 0x00000000aa900000, 0x00000000aa900000| Untracked 
| 170|0x00000000aaa00000, 0x00000000aaa00000, 0x00000000aab00000|  0%| F|  |TAMS 0x00000000aaa00000, 0x00000000aaa00000| Untracked 
| 171|0x00000000aab00000, 0x00000000aab00000, 0x00000000aac00000|  0%| F|  |TAMS 0x00000000aab00000, 0x00000000aab00000| Untracked 
| 172|0x00000000aac00000, 0x00000000aac00000, 0x00000000aad00000|  0%| F|  |TAMS 0x00000000aac00000, 0x00000000aac00000| Untracked 
| 173|0x00000000aad00000, 0x00000000aad00000, 0x00000000aae00000|  0%| F|  |TAMS 0x00000000aad00000, 0x00000000aad00000| Untracked 
| 174|0x00000000aae00000, 0x00000000aae00000, 0x00000000aaf00000|  0%| F|  |TAMS 0x00000000aae00000, 0x00000000aae00000| Untracked 
| 175|0x00000000aaf00000, 0x00000000aaf00000, 0x00000000ab000000|  0%| F|  |TAMS 0x00000000aaf00000, 0x00000000aaf00000| Untracked 
| 176|0x00000000ab000000, 0x00000000ab000000, 0x00000000ab100000|  0%| F|  |TAMS 0x00000000ab000000, 0x00000000ab000000| Untracked 
| 177|0x00000000ab100000, 0x00000000ab100000, 0x00000000ab200000|  0%| F|  |TAMS 0x00000000ab100000, 0x00000000ab100000| Untracked 
| 178|0x00000000ab200000, 0x00000000ab200000, 0x00000000ab300000|  0%| F|  |TAMS 0x00000000ab200000, 0x00000000ab200000| Untracked 
| 179|0x00000000ab300000, 0x00000000ab300000, 0x00000000ab400000|  0%| F|  |TAMS 0x00000000ab300000, 0x00000000ab300000| Untracked 
| 180|0x00000000ab400000, 0x00000000ab400000, 0x00000000ab500000|  0%| F|  |TAMS 0x00000000ab400000, 0x00000000ab400000| Untracked 
| 181|0x00000000ab500000, 0x00000000ab500000, 0x00000000ab600000|  0%| F|  |TAMS 0x00000000ab500000, 0x00000000ab500000| Untracked 
| 182|0x00000000ab600000, 0x00000000ab600000, 0x00000000ab700000|  0%| F|  |TAMS 0x00000000ab600000, 0x00000000ab600000| Untracked 
| 183|0x00000000ab700000, 0x00000000ab700000, 0x00000000ab800000|  0%| F|  |TAMS 0x00000000ab700000, 0x00000000ab700000| Untracked 
| 184|0x00000000ab800000, 0x00000000ab800000, 0x00000000ab900000|  0%| F|  |TAMS 0x00000000ab800000, 0x00000000ab800000| Untracked 
| 185|0x00000000ab900000, 0x00000000ab900000, 0x00000000aba00000|  0%| F|  |TAMS 0x00000000ab900000, 0x00000000ab900000| Untracked 
| 186|0x00000000aba00000, 0x00000000aba00000, 0x00000000abb00000|  0%| F|  |TAMS 0x00000000aba00000, 0x00000000aba00000| Untracked 
| 187|0x00000000abb00000, 0x00000000abb00000, 0x00000000abc00000|  0%| F|  |TAMS 0x00000000abb00000, 0x00000000abb00000| Untracked 
| 188|0x00000000abc00000, 0x00000000abc00000, 0x00000000abd00000|  0%| F|  |TAMS 0x00000000abc00000, 0x00000000abc00000| Untracked 
| 189|0x00000000abd00000, 0x00000000abd00000, 0x00000000abe00000|  0%| F|  |TAMS 0x00000000abd00000, 0x00000000abd00000| Untracked 
| 190|0x00000000abe00000, 0x00000000abe00000, 0x00000000abf00000|  0%| F|  |TAMS 0x00000000abe00000, 0x00000000abe00000| Untracked 
| 191|0x00000000abf00000, 0x00000000abf00000, 0x00000000ac000000|  0%| F|  |TAMS 0x00000000abf00000, 0x00000000abf00000| Untracked 
| 192|0x00000000ac000000, 0x00000000ac000000, 0x00000000ac100000|  0%| F|  |TAMS 0x00000000ac000000, 0x00000000ac000000| Untracked 
| 193|0x00000000ac100000, 0x00000000ac100000, 0x00000000ac200000|  0%| F|  |TAMS 0x00000000ac100000, 0x00000000ac100000| Untracked 
| 194|0x00000000ac200000, 0x00000000ac200000, 0x00000000ac300000|  0%| F|  |TAMS 0x00000000ac200000, 0x00000000ac200000| Untracked 
| 195|0x00000000ac300000, 0x00000000ac300000, 0x00000000ac400000|  0%| F|  |TAMS 0x00000000ac300000, 0x00000000ac300000| Untracked 
| 196|0x00000000ac400000, 0x00000000ac400000, 0x00000000ac500000|  0%| F|  |TAMS 0x00000000ac400000, 0x00000000ac400000| Untracked 
| 197|0x00000000ac500000, 0x00000000ac500000, 0x00000000ac600000|  0%| F|  |TAMS 0x00000000ac500000, 0x00000000ac500000| Untracked 
| 198|0x00000000ac600000, 0x00000000ac600000, 0x00000000ac700000|  0%| F|  |TAMS 0x00000000ac600000, 0x00000000ac600000| Untracked 
| 199|0x00000000ac700000, 0x00000000ac700000, 0x00000000ac800000|  0%| F|  |TAMS 0x00000000ac700000, 0x00000000ac700000| Untracked 
| 200|0x00000000ac800000, 0x00000000ac800000, 0x00000000ac900000|  0%| F|  |TAMS 0x00000000ac800000, 0x00000000ac800000| Untracked 
| 201|0x00000000ac900000, 0x00000000ac900000, 0x00000000aca00000|  0%| F|  |TAMS 0x00000000ac900000, 0x00000000ac900000| Untracked 
| 202|0x00000000aca00000, 0x00000000aca00000, 0x00000000acb00000|  0%| F|  |TAMS 0x00000000aca00000, 0x00000000aca00000| Untracked 
| 203|0x00000000acb00000, 0x00000000acb00000, 0x00000000acc00000|  0%| F|  |TAMS 0x00000000acb00000, 0x00000000acb00000| Untracked 
| 204|0x00000000acc00000, 0x00000000acc00000, 0x00000000acd00000|  0%| F|  |TAMS 0x00000000acc00000, 0x00000000acc00000| Untracked 
| 205|0x00000000acd00000, 0x00000000acd00000, 0x00000000ace00000|  0%| F|  |TAMS 0x00000000acd00000, 0x00000000acd00000| Untracked 
| 206|0x00000000ace00000, 0x00000000ace00000, 0x00000000acf00000|  0%| F|  |TAMS 0x00000000ace00000, 0x00000000ace00000| Untracked 
| 207|0x00000000acf00000, 0x00000000acf00000, 0x00000000ad000000|  0%| F|  |TAMS 0x00000000acf00000, 0x00000000acf00000| Untracked 
| 208|0x00000000ad000000, 0x00000000ad05cc58, 0x00000000ad100000| 36%| S|CS|TAMS 0x00000000ad000000, 0x00000000ad000000| Complete 
| 209|0x00000000ad100000, 0x00000000ad200000, 0x00000000ad200000|100%| S|CS|TAMS 0x00000000ad100000, 0x00000000ad100000| Complete 
| 210|0x00000000ad200000, 0x00000000ad300000, 0x00000000ad300000|100%| S|CS|TAMS 0x00000000ad200000, 0x00000000ad200000| Complete 
| 211|0x00000000ad300000, 0x00000000ad300000, 0x00000000ad400000|  0%| F|  |TAMS 0x00000000ad300000, 0x00000000ad300000| Untracked 
| 212|0x00000000ad400000, 0x00000000ad400000, 0x00000000ad500000|  0%| F|  |TAMS 0x00000000ad400000, 0x00000000ad400000| Untracked 
| 213|0x00000000ad500000, 0x00000000ad500000, 0x00000000ad600000|  0%| F|  |TAMS 0x00000000ad500000, 0x00000000ad500000| Untracked 
| 214|0x00000000ad600000, 0x00000000ad600000, 0x00000000ad700000|  0%| F|  |TAMS 0x00000000ad600000, 0x00000000ad600000| Untracked 
| 215|0x00000000ad700000, 0x00000000ad700000, 0x00000000ad800000|  0%| F|  |TAMS 0x00000000ad700000, 0x00000000ad700000| Untracked 
| 216|0x00000000ad800000, 0x00000000ad800000, 0x00000000ad900000|  0%| F|  |TAMS 0x00000000ad800000, 0x00000000ad800000| Untracked 
| 217|0x00000000ad900000, 0x00000000ad900000, 0x00000000ada00000|  0%| F|  |TAMS 0x00000000ad900000, 0x00000000ad900000| Untracked 
| 218|0x00000000ada00000, 0x00000000ada00000, 0x00000000adb00000|  0%| F|  |TAMS 0x00000000ada00000, 0x00000000ada00000| Untracked 
| 219|0x00000000adb00000, 0x00000000adb00000, 0x00000000adc00000|  0%| F|  |TAMS 0x00000000adb00000, 0x00000000adb00000| Untracked 
| 220|0x00000000adc00000, 0x00000000adc00000, 0x00000000add00000|  0%| F|  |TAMS 0x00000000adc00000, 0x00000000adc00000| Untracked 
| 221|0x00000000add00000, 0x00000000add00000, 0x00000000ade00000|  0%| F|  |TAMS 0x00000000add00000, 0x00000000add00000| Untracked 
| 222|0x00000000ade00000, 0x00000000ade00000, 0x00000000adf00000|  0%| F|  |TAMS 0x00000000ade00000, 0x00000000ade00000| Untracked 
| 223|0x00000000adf00000, 0x00000000adf00000, 0x00000000ae000000|  0%| F|  |TAMS 0x00000000adf00000, 0x00000000adf00000| Untracked 
| 224|0x00000000ae000000, 0x00000000ae000000, 0x00000000ae100000|  0%| F|  |TAMS 0x00000000ae000000, 0x00000000ae000000| Untracked 
| 225|0x00000000ae100000, 0x00000000ae100000, 0x00000000ae200000|  0%| F|  |TAMS 0x00000000ae100000, 0x00000000ae100000| Untracked 
| 226|0x00000000ae200000, 0x00000000ae200000, 0x00000000ae300000|  0%| F|  |TAMS 0x00000000ae200000, 0x00000000ae200000| Untracked 
| 227|0x00000000ae300000, 0x00000000ae300000, 0x00000000ae400000|  0%| F|  |TAMS 0x00000000ae300000, 0x00000000ae300000| Untracked 
| 228|0x00000000ae400000, 0x00000000ae400000, 0x00000000ae500000|  0%| F|  |TAMS 0x00000000ae400000, 0x00000000ae400000| Untracked 
| 229|0x00000000ae500000, 0x00000000ae500000, 0x00000000ae600000|  0%| F|  |TAMS 0x00000000ae500000, 0x00000000ae500000| Untracked 
| 230|0x00000000ae600000, 0x00000000ae600000, 0x00000000ae700000|  0%| F|  |TAMS 0x00000000ae600000, 0x00000000ae600000| Untracked 
| 231|0x00000000ae700000, 0x00000000ae700000, 0x00000000ae800000|  0%| F|  |TAMS 0x00000000ae700000, 0x00000000ae700000| Untracked 
| 232|0x00000000ae800000, 0x00000000ae800000, 0x00000000ae900000|  0%| F|  |TAMS 0x00000000ae800000, 0x00000000ae800000| Untracked 
| 233|0x00000000ae900000, 0x00000000ae900000, 0x00000000aea00000|  0%| F|  |TAMS 0x00000000ae900000, 0x00000000ae900000| Untracked 
| 234|0x00000000aea00000, 0x00000000aea00000, 0x00000000aeb00000|  0%| F|  |TAMS 0x00000000aea00000, 0x00000000aea00000| Untracked 
| 235|0x00000000aeb00000, 0x00000000aeb00000, 0x00000000aec00000|  0%| F|  |TAMS 0x00000000aeb00000, 0x00000000aeb00000| Untracked 
| 236|0x00000000aec00000, 0x00000000aec00000, 0x00000000aed00000|  0%| F|  |TAMS 0x00000000aec00000, 0x00000000aec00000| Untracked 
| 237|0x00000000aed00000, 0x00000000aed00000, 0x00000000aee00000|  0%| F|  |TAMS 0x00000000aed00000, 0x00000000aed00000| Untracked 
| 238|0x00000000aee00000, 0x00000000aee00000, 0x00000000aef00000|  0%| F|  |TAMS 0x00000000aee00000, 0x00000000aee00000| Untracked 
| 239|0x00000000aef00000, 0x00000000aef00000, 0x00000000af000000|  0%| F|  |TAMS 0x00000000aef00000, 0x00000000aef00000| Untracked 
| 240|0x00000000af000000, 0x00000000af000000, 0x00000000af100000|  0%| F|  |TAMS 0x00000000af000000, 0x00000000af000000| Untracked 
| 241|0x00000000af100000, 0x00000000af100000, 0x00000000af200000|  0%| F|  |TAMS 0x00000000af100000, 0x00000000af100000| Untracked 
| 242|0x00000000af200000, 0x00000000af200000, 0x00000000af300000|  0%| F|  |TAMS 0x00000000af200000, 0x00000000af200000| Untracked 
| 243|0x00000000af300000, 0x00000000af300000, 0x00000000af400000|  0%| F|  |TAMS 0x00000000af300000, 0x00000000af300000| Untracked 
| 244|0x00000000af400000, 0x00000000af400000, 0x00000000af500000|  0%| F|  |TAMS 0x00000000af400000, 0x00000000af400000| Untracked 
| 245|0x00000000af500000, 0x00000000af500000, 0x00000000af600000|  0%| F|  |TAMS 0x00000000af500000, 0x00000000af500000| Untracked 
| 246|0x00000000af600000, 0x00000000af600000, 0x00000000af700000|  0%| F|  |TAMS 0x00000000af600000, 0x00000000af600000| Untracked 
| 247|0x00000000af700000, 0x00000000af700000, 0x00000000af800000|  0%| F|  |TAMS 0x00000000af700000, 0x00000000af700000| Untracked 
| 248|0x00000000af800000, 0x00000000af800000, 0x00000000af900000|  0%| F|  |TAMS 0x00000000af800000, 0x00000000af800000| Untracked 
| 249|0x00000000af900000, 0x00000000af900000, 0x00000000afa00000|  0%| F|  |TAMS 0x00000000af900000, 0x00000000af900000| Untracked 
| 250|0x00000000afa00000, 0x00000000afa00000, 0x00000000afb00000|  0%| F|  |TAMS 0x00000000afa00000, 0x00000000afa00000| Untracked 
| 251|0x00000000afb00000, 0x00000000afb00000, 0x00000000afc00000|  0%| F|  |TAMS 0x00000000afb00000, 0x00000000afb00000| Untracked 
| 252|0x00000000afc00000, 0x00000000afc00000, 0x00000000afd00000|  0%| F|  |TAMS 0x00000000afc00000, 0x00000000afc00000| Untracked 
| 253|0x00000000afd00000, 0x00000000afd00000, 0x00000000afe00000|  0%| F|  |TAMS 0x00000000afd00000, 0x00000000afd00000| Untracked 
| 254|0x00000000afe00000, 0x00000000aff00000, 0x00000000aff00000|100%| E|  |TAMS 0x00000000afe00000, 0x00000000afe00000| Complete 
| 255|0x00000000aff00000, 0x00000000b0000000, 0x00000000b0000000|100%| E|CS|TAMS 0x00000000aff00000, 0x00000000aff00000| Complete 

Card table byte_map: [0x0000028f49680000,0x0000028f49980000] _byte_map_base: 0x0000028f49180000

Marking Bits (Prev, Next): (CMBitMap*) 0x0000028f34636d60, (CMBitMap*) 0x0000028f34636d28
 Prev Bits: [0x0000028f4b480000, 0x0000028f4cc80000)
 Next Bits: [0x0000028f49c80000, 0x0000028f4b480000)

Polling page: 0x0000028f346e0000

Metaspace:

Usage:
  Non-class:     22.07 MB capacity,    21.72 MB ( 98%) used,   311.04 KB (  1%) free+waste,    46.06 KB ( <1%) overhead. 
      Class:      3.45 MB capacity,     3.25 MB ( 94%) used,   182.56 KB (  5%) free+waste,    23.06 KB ( <1%) overhead. 
       Both:     25.52 MB capacity,    24.97 MB ( 98%) used,   493.60 KB (  2%) free+waste,    69.13 KB ( <1%) overhead. 

Virtual space:
  Non-class space:       24.00 MB reserved,      22.25 MB ( 93%) committed 
      Class space:        1.00 GB reserved,       3.50 MB ( <1%) committed 
             Both:        1.02 GB reserved,      25.75 MB (  2%) committed 

Chunk freelists:
   Non-Class:  55.00 KB
       Class:  20.00 KB
        Both:  75.00 KB

MaxMetaspaceSize: 17179869184.00 GB
CompressedClassSpaceSize: 1.00 GB

CodeHeap 'non-profiled nmethods': size=120000Kb used=1135Kb max_used=1135Kb free=118864Kb
 bounds [0x0000028f413d0000, 0x0000028f41640000, 0x0000028f48900000]
CodeHeap 'profiled nmethods': size=120000Kb used=4639Kb max_used=4639Kb free=115360Kb
 bounds [0x0000028f39ea0000, 0x0000028f3a330000, 0x0000028f413d0000]
CodeHeap 'non-nmethods': size=5760Kb used=1158Kb max_used=1212Kb free=4601Kb
 bounds [0x0000028f39900000, 0x0000028f39b70000, 0x0000028f39ea0000]
 total_blobs=2733 nmethods=2236 adapters=408
 compilation: enabled
              stopped_count=0, restarted_count=0
 full_count=0

Compilation events (20 events):
Event: 2.373 Thread 0x0000028f52440000 2213       4       java.net.URLClassLoader$1::run (5 bytes)
Event: 2.373 Thread 0x0000028f50004800 2214   !   4       java.net.URLClassLoader$1::run (63 bytes)
Event: 2.375 Thread 0x0000028f50010000 2215       3       jdk.internal.loader.ClassLoaders::platformClassLoader (4 bytes)
Event: 2.375 Thread 0x0000028f50010000 nmethod 2215 0x0000028f3a31a990 code [0x0000028f3a31ab40, 0x0000028f3a31ac38]
Event: 2.388 Thread 0x0000028f50010000 2217       3       java.lang.Class::forName (15 bytes)
Event: 2.388 Thread 0x0000028f50010000 nmethod 2217 0x0000028f3a31ac90 code [0x0000028f3a31ae60, 0x0000028f3a31b078]
Event: 2.388 Thread 0x0000028f50010000 2218       3       java.lang.ClassLoader::getClassLoader (11 bytes)
Event: 2.388 Thread 0x0000028f50010000 nmethod 2218 0x0000028f3a31b190 code [0x0000028f3a31b340, 0x0000028f3a31b498]
Event: 2.389 Thread 0x0000028f50010000 2219       3       jdk.internal.loader.AbstractClassLoaderValue::<init> (5 bytes)
Event: 2.389 Thread 0x0000028f50010000 nmethod 2219 0x0000028f3a31b590 code [0x0000028f3a31b740, 0x0000028f3a31b898]
Event: 2.389 Thread 0x0000028f50010000 2220       3       jdk.internal.loader.AbstractClassLoaderValue::sub (10 bytes)
Event: 2.389 Thread 0x0000028f50010000 nmethod 2220 0x0000028f3a31b990 code [0x0000028f3a31bb60, 0x0000028f3a31be98]
Event: 2.389 Thread 0x0000028f50010000 2221       3       jdk.internal.loader.AbstractClassLoaderValue$Sub::<init> (15 bytes)
Event: 2.390 Thread 0x0000028f50010000 nmethod 2221 0x0000028f3a31c010 code [0x0000028f3a31c1e0, 0x0000028f3a31c458]
Event: 2.391 Thread 0x0000028f50010000 2222       3       jdk.internal.reflect.NativeMethodAccessorImpl::invoke (104 bytes)
Event: 2.392 Thread 0x0000028f50010000 nmethod 2222 0x0000028f3a31c510 code [0x0000028f3a31c7c0, 0x0000028f3a31d698]
Event: 2.405 Thread 0x0000028f50010000 2226       3       java.lang.ClassLoader::getBuiltinPlatformClassLoader (4 bytes)
Event: 2.405 Thread 0x0000028f50010000 nmethod 2226 0x0000028f3a31db90 code [0x0000028f3a31dd40, 0x0000028f3a31de78]
Event: 2.405 Thread 0x0000028f50010000 2225       3       jdk.internal.misc.VM::isSystemDomainLoader (17 bytes)
Event: 2.406 Thread 0x0000028f50010000 nmethod 2225 0x0000028f3a31df10 code [0x0000028f3a31e160, 0x0000028f3a31ead8]

GC Heap History (4 events):
Event: 0.490 GC heap before
{Heap before GC invocations=0 (full 0):
 garbage-first heap   total 262144K, used 29696K [0x00000000a0000000, 0x0000000100000000)
  region size 1024K, 24 young (24576K), 0 survivors (0K)
 Metaspace       used 9851K, capacity 10054K, committed 10112K, reserved 1058816K
  class space    used 1028K, capacity 1102K, committed 1152K, reserved 1048576K
}
Event: 0.493 GC heap after
{Heap after GC invocations=1 (full 0):
 garbage-first heap   total 262144K, used 9687K [0x00000000a0000000, 0x0000000100000000)
  region size 1024K, 3 young (3072K), 3 survivors (3072K)
 Metaspace       used 9851K, capacity 10054K, committed 10112K, reserved 1058816K
  class space    used 1028K, capacity 1102K, committed 1152K, reserved 1048576K
}
Event: 1.897 GC heap before
{Heap before GC invocations=1 (full 0):
 garbage-first heap   total 262144K, used 109015K [0x00000000a0000000, 0x0000000100000000)
  region size 1024K, 100 young (102400K), 3 survivors (3072K)
 Metaspace       used 20675K, capacity 21076K, committed 21248K, reserved 1067008K
  class space    used 2537K, capacity 2692K, committed 2816K, reserved 1048576K
}
Event: 1.907 GC heap after
{Heap after GC invocations=2 (full 0):
 garbage-first heap   total 262144K, used 17119K [0x00000000a0000000, 0x0000000100000000)
  region size 1024K, 11 young (11264K), 11 survivors (11264K)
 Metaspace       used 20675K, capacity 21076K, committed 21248K, reserved 1067008K
  class space    used 2537K, capacity 2692K, committed 2816K, reserved 1048576K
}

Deoptimization events (20 events):
Event: 1.878 Thread 0x0000028f526ae000 Uncommon trap: trap_request=0xffffff4d fr.pc=0x0000028f414489f0 relative=0x0000000000000630
Event: 1.878 Thread 0x0000028f526ae000 Uncommon trap: reason=unstable_if action=reinterpret pc=0x0000028f414489f0 method=java.io.File.getName()Ljava/lang/String; @ 16 c2
Event: 1.878 Thread 0x0000028f526ae000 DEOPT PACKING pc=0x0000028f414489f0 sp=0x000000d079cfb410
Event: 1.878 Thread 0x0000028f526ae000 DEOPT UNPACKING pc=0x0000028f3992662f sp=0x000000d079cfb3e0 mode 2
Event: 1.878 Thread 0x0000028f526ae000 Uncommon trap: trap_request=0xffffff4d fr.pc=0x0000028f41447888 relative=0x00000000000004c8
Event: 1.878 Thread 0x0000028f526ae000 Uncommon trap: reason=unstable_if action=reinterpret pc=0x0000028f41447888 method=java.lang.String.substring(I)Ljava/lang/String; @ 34 c2
Event: 1.878 Thread 0x0000028f526ae000 DEOPT PACKING pc=0x0000028f41447888 sp=0x000000d079cfb390
Event: 1.878 Thread 0x0000028f526ae000 DEOPT UNPACKING pc=0x0000028f3992662f sp=0x000000d079cfb368 mode 2
Event: 1.972 Thread 0x0000028f526ae000 Uncommon trap: trap_request=0xffffff4d fr.pc=0x0000028f414c4318 relative=0x0000000000000398
Event: 1.972 Thread 0x0000028f526ae000 Uncommon trap: reason=unstable_if action=reinterpret pc=0x0000028f414c4318 method=jdk.internal.org.objectweb.asm.Type.getArgumentsAndReturnSizes(Ljava/lang/String;)I @ 88 c2
Event: 1.972 Thread 0x0000028f526ae000 DEOPT PACKING pc=0x0000028f414c4318 sp=0x000000d079cf9920
Event: 1.972 Thread 0x0000028f526ae000 DEOPT UNPACKING pc=0x0000028f3992662f sp=0x000000d079cf98a8 mode 2
Event: 2.159 Thread 0x0000028f526ae000 Uncommon trap: trap_request=0xffffff4d fr.pc=0x0000028f4141ed7c relative=0x000000000000023c
Event: 2.159 Thread 0x0000028f526ae000 Uncommon trap: reason=unstable_if action=reinterpret pc=0x0000028f4141ed7c method=java.util.concurrent.ConcurrentHashMap.get(Ljava/lang/Object;)Ljava/lang/Object; @ 76 c2
Event: 2.159 Thread 0x0000028f526ae000 DEOPT PACKING pc=0x0000028f4141ed7c sp=0x000000d079cf9ac0
Event: 2.159 Thread 0x0000028f526ae000 DEOPT UNPACKING pc=0x0000028f3992662f sp=0x000000d079cf9a28 mode 2
Event: 2.341 Thread 0x0000028f526ae000 Uncommon trap: trap_request=0xffffffcc fr.pc=0x0000028f414e0e68 relative=0x0000000000000328
Event: 2.341 Thread 0x0000028f526ae000 Uncommon trap: reason=intrinsic_or_type_checked_inlining action=make_not_entrant pc=0x0000028f414e0e68 method=java.util.Arrays.copyOf([Ljava/lang/Object;ILjava/lang/Class;)[Ljava/lang/Object; @ 35 c2
Event: 2.341 Thread 0x0000028f526ae000 DEOPT PACKING pc=0x0000028f414e0e68 sp=0x000000d079cfa6b0
Event: 2.341 Thread 0x0000028f526ae000 DEOPT UNPACKING pc=0x0000028f3992662f sp=0x000000d079cfa640 mode 2

Classes redefined (0 events):
No events

Internal exceptions (20 events):
Event: 1.342 Thread 0x0000028f345fd800 Exception <a 'java/io/IOException'{0x00000000ac021fa8}> (0x00000000ac021fa8) thrown at [./src/hotspot/share/prims/jni.cpp, line 615]
Event: 1.431 Thread 0x0000028f526ae000 Exception <a 'java/lang/NoSuchMethodError'{0x00000000abba1030}: 'void java.lang.invoke.DirectMethodHandle$Holder.invokeVirtual(java.lang.Object, java.lang.Object, java.lang.Object, java.lang.Object)'> (0x00000000abba1030) thrown at [./src/hotspot/share/interpreter/linkResolver.cpp, line 773]
Event: 1.432 Thread 0x0000028f526ae000 Exception <a 'java/lang/NoSuchMethodError'{0x00000000abbb0078}: 'void java.lang.invoke.DelegatingMethodHandle$Holder.reinvoke_L(java.lang.Object, java.lang.Object, java.lang.Object, java.lang.Object)'> (0x00000000abbb0078) thrown at [./src/hotspot/share/interpreter/linkResolver.cpp, line 773]
Event: 1.437 Thread 0x0000028f526ae000 Exception <a 'java/lang/NoSuchMethodError'{0x00000000abbe0ea0}: 'long java.lang.invoke.DirectMethodHandle$Holder.invokeInterface(java.lang.Object, java.lang.Object)'> (0x00000000abbe0ea0) thrown at [./src/hotspot/share/interpreter/linkResolver.cpp, line 773]
Event: 1.438 Thread 0x0000028f526ae000 Exception <a 'java/lang/NoSuchMethodError'{0x00000000aba04890}: 'void java.lang.invoke.DelegatingMethodHandle$Holder.reinvoke_L(java.lang.Object, java.lang.Object, java.lang.Object, java.lang.Object, java.lang.Object, java.lang.Object, java.lang.Object)'> (0x00000000aba04890) thrown at [./src/hotspot/share/interpreter/linkResolver.cpp, line 773]
Event: 1.817 Thread 0x0000028f526ae000 Exception <a 'java/lang/NoSuchMethodError'{0x00000000aa292418}: 'void java.lang.invoke.DirectMethodHandle$Holder.invokeStaticInit(java.lang.Object)'> (0x00000000aa292418) thrown at [./src/hotspot/share/interpreter/linkResolver.cpp, line 773]
Event: 1.847 Thread 0x0000028f526ae000 Exception <a 'java/lang/NoSuchMethodError'{0x00000000aa0b1818}: 'java.lang.Object java.lang.invoke.DirectMethodHandle$Holder.invokeStatic(java.lang.Object, java.lang.Object, java.lang.Object, int)'> (0x00000000aa0b1818) thrown at [./src/hotspot/share/interpreter/linkResolver.cpp, line 773]
Event: 1.847 Thread 0x0000028f526ae000 Exception <a 'java/lang/NoSuchMethodError'{0x00000000aa0b5c88}: 'java.lang.Object java.lang.invoke.DirectMethodHandle$Holder.invokeSpecial(java.lang.Object, java.lang.Object, java.lang.Object, java.lang.Object, int)'> (0x00000000aa0b5c88) thrown at [./src/hotspot/share/interpreter/linkResolver.cpp, line 773]
Event: 1.848 Thread 0x0000028f526ae000 Exception <a 'java/lang/NoSuchMethodError'{0x00000000aa0b9918}: 'java.lang.Object java.lang.invoke.Invokers$Holder.linkToTargetMethod(java.lang.Object, java.lang.Object, int, java.lang.Object)'> (0x00000000aa0b9918) thrown at [./src/hotspot/share/interpreter/linkResolver.cpp, line 773]
Event: 1.928 Thread 0x0000028f526ae000 Exception <a 'java/lang/NoSuchMethodError'{0x00000000afe7b1d0}: 'int java.lang.invoke.DirectMethodHandle$Holder.invokeSpecialIFC(java.lang.Object, java.lang.Object, java.lang.Object, java.lang.Object)'> (0x00000000afe7b1d0) thrown at [./src/hotspot/share/interpreter/linkResolver.cpp, line 773]
Event: 1.930 Thread 0x0000028f526ae000 Exception <a 'java/lang/NoSuchMethodError'{0x00000000afe891b8}: 'java.lang.Object java.lang.invoke.DirectMethodHandle$Holder.invokeInterface(java.lang.Object, java.lang.Object, java.lang.Object)'> (0x00000000afe891b8) thrown at [./src/hotspot/share/interpreter/linkResolver.cpp, line 773]
Event: 1.930 Thread 0x0000028f526ae000 Exception <a 'java/lang/IncompatibleClassChangeError'{0x00000000afe8c690}: Found class java.lang.Object, but interface was expected> (0x00000000afe8c690) thrown at [./src/hotspot/share/interpreter/linkResolver.cpp, line 839]
Event: 1.949 Thread 0x0000028f526ae000 Exception <a 'java/lang/NoSuchMethodError'{0x00000000afc89e48}: 'void java.lang.invoke.DirectMethodHandle$Holder.invokeStatic(java.lang.Object, java.lang.Object, java.lang.Object, java.lang.Object, java.lang.Object)'> (0x00000000afc89e48) thrown at [./src/hotspot/share/interpreter/linkResolver.cpp, line 773]
Event: 2.023 Thread 0x0000028f526ae000 Exception <a 'java/lang/NoSuchMethodError'{0x00000000af56dd40}: 'java.lang.Object java.lang.invoke.DirectMethodHandle$Holder.invokeSpecial(java.lang.Object, java.lang.Object, java.lang.Object, java.lang.Object, java.lang.Object, java.lang.Object, java.lang.Object, java.lang.Object, java.lang.Object)'> (0x00000000af56dd40) thrown at [./src/hotspot/share/interpreter/linkResolver.cpp, line 773]
Event: 2.097 Thread 0x0000028f526ae000 Exception <a 'java/lang/NoSuchMethodError'{0x00000000aecf7730}: 'java.lang.Object java.lang.invoke.DirectMethodHandle$Holder.invokeVirtual(java.lang.Object, java.lang.Object, java.lang.Object, java.lang.Object)'> (0x00000000aecf7730) thrown at [./src/hotspot/share/interpreter/linkResolver.cpp, line 773]
Event: 2.189 Thread 0x0000028f526ae000 Exception <a 'java/lang/NoSuchMethodError'{0x00000000ae59b728}: 'void java.lang.invoke.DirectMethodHandle$Holder.invokeSpecial(java.lang.Object, java.lang.Object, java.lang.Object, java.lang.Object, java.lang.Object, java.lang.Object)'> (0x00000000ae59b728) thrown at [./src/hotspot/share/interpreter/linkResolver.cpp, line 773]
Event: 2.197 Thread 0x0000028f526ae000 Exception <a 'java/lang/NoSuchMethodError'{0x00000000ae40b620}: 'void java.lang.invoke.DirectMethodHandle$Holder.invokeSpecial(java.lang.Object, java.lang.Object, java.lang.Object, java.lang.Object, java.lang.Object, java.lang.Object, java.lang.Object)'> (0x00000000ae40b620) thrown at [./src/hotspot/share/interpreter/linkResolver.cpp, line 773]
Event: 2.198 Thread 0x0000028f526ae000 Exception <a 'java/lang/NoSuchMethodError'{0x00000000ae413b10}: 'java.lang.Object java.lang.invoke.Invokers$Holder.linkToTargetMethod(java.lang.Object, java.lang.Object, java.lang.Object, java.lang.Object, java.lang.Object, java.lang.Object)'> (0x00000000ae413b10) thrown at [./src/hotspot/share/interpreter/linkResolver.cpp, line 773]
Event: 2.292 Thread 0x0000028f526ae000 Exception <a 'java/lang/NoSuchMethodError'{0x00000000adb60188}: 'int java.lang.invoke.DirectMethodHandle$Holder.invokeStaticInit(java.lang.Object, java.lang.Object, java.lang.Object)'> (0x00000000adb60188) thrown at [./src/hotspot/share/interpreter/linkResolver.cpp, line 773]
Event: 2.363 Thread 0x0000028f526ae000 Exception <a 'java/lang/NoSuchMethodError'{0x00000000ad68e448}: 'void java.lang.invoke.DirectMethodHandle$Holder.invokeStaticInit(java.lang.Object, java.lang.Object)'> (0x00000000ad68e448) thrown at [./src/hotspot/share/interpreter/linkResolver.cpp, line 773]

Events (20 events):
Event: 2.403 loading class org/gradle/api/internal/tasks/TaskExecutionContext
Event: 2.403 loading class org/gradle/api/internal/tasks/TaskExecutionContext done
Event: 2.404 loading class org/gradle/execution/plan/TaskNodeFactory$DefaultTypeOriginInspectorFactory
Event: 2.404 loading class org/gradle/execution/plan/TaskNodeFactory$DefaultTypeOriginInspectorFactory done
Event: 2.404 loading class org/gradle/execution/plan/DefaultPlanExecutor
Event: 2.404 loading class org/gradle/execution/plan/DefaultPlanExecutor done
Event: 2.404 loading class org/gradle/configuration/internal/DefaultListenerBuildOperationDecorator
Event: 2.404 loading class org/gradle/configuration/internal/DefaultListenerBuildOperationDecorator done
Event: 2.405 loading class org/gradle/configuration/internal/DefaultListenerBuildOperationDecorator$BuildOperationEmittingClosure
Event: 2.405 loading class org/gradle/configuration/internal/DefaultListenerBuildOperationDecorator$BuildOperationEmittingClosure done
Event: 2.405 loading class org/gradle/api/internal/tasks/CachingTaskDependencyResolveContext
Event: 2.405 loading class org/gradle/api/internal/tasks/CachingTaskDependencyResolveContext done
Event: 2.405 loading class org/gradle/api/internal/tasks/AbstractTaskDependencyResolveContext
Event: 2.405 loading class org/gradle/api/internal/tasks/AbstractTaskDependencyResolveContext done
Event: 2.405 loading class org/gradle/api/internal/tasks/TaskDependencyResolveContext
Event: 2.405 loading class org/gradle/api/internal/tasks/TaskDependencyResolveContext done
Event: 2.406 loading class org/gradle/internal/graph/DirectedGraph
Event: 2.406 loading class org/gradle/internal/graph/DirectedGraph done
Event: 2.407 loading class org/gradle/api/internal/tasks/TaskDependencyResolveException
Event: 2.407 loading class org/gradle/api/internal/tasks/TaskDependencyResolveException done


Dynamic libraries:
0x00007ff735a10000 - 0x00007ff735a1a000 	C:\Program Files\Android\Android Studio\jre\bin\java.exe
0x00007ffe68bb0000 - 0x00007ffe68da5000 	C:\WINDOWS\SYSTEM32\ntdll.dll
0x00007ffe675e0000 - 0x00007ffe6769e000 	C:\WINDOWS\System32\KERNEL32.DLL
0x00007ffe66320000 - 0x00007ffe665e8000 	C:\WINDOWS\System32\KERNELBASE.dll
0x00007ffe66ae0000 - 0x00007ffe66be0000 	C:\WINDOWS\System32\ucrtbase.dll
0x00007ffe43690000 - 0x00007ffe436a9000 	C:\Program Files\Android\Android Studio\jre\bin\jli.dll
0x00007ffe47100000 - 0x00007ffe47117000 	C:\Program Files\Android\Android Studio\jre\bin\VCRUNTIME140.dll
0x00007ffe66c70000 - 0x00007ffe66e10000 	C:\WINDOWS\System32\USER32.dll
0x00007ffe51850000 - 0x00007ffe51aea000 	C:\WINDOWS\WinSxS\amd64_microsoft.windows.common-controls_6595b64144ccf1df_6.0.19041.1110_none_60b5254171f9507e\COMCTL32.dll
0x00007ffe66be0000 - 0x00007ffe66c02000 	C:\WINDOWS\System32\win32u.dll
0x00007ffe67c70000 - 0x00007ffe67d0e000 	C:\WINDOWS\System32\msvcrt.dll
0x00007ffe67950000 - 0x00007ffe6797b000 	C:\WINDOWS\System32\GDI32.dll
0x00007ffe668a0000 - 0x00007ffe669ab000 	C:\WINDOWS\System32\gdi32full.dll
0x00007ffe666a0000 - 0x00007ffe6673d000 	C:\WINDOWS\System32\msvcp_win.dll
0x00007ffe67980000 - 0x00007ffe679b0000 	C:\WINDOWS\System32\IMM32.DLL
0x00007ffe35c60000 - 0x00007ffe35cfd000 	C:\Program Files\Android\Android Studio\jre\bin\msvcp140.dll
0x00007ffe1b6f0000 - 0x00007ffe1c1c5000 	C:\Program Files\Android\Android Studio\jre\bin\server\jvm.dll
0x00007ffe68000000 - 0x00007ffe680ae000 	C:\WINDOWS\System32\ADVAPI32.dll
0x00007ffe68940000 - 0x00007ffe689dc000 	C:\WINDOWS\System32\sechost.dll
0x00007ffe67b40000 - 0x00007ffe67c65000 	C:\WINDOWS\System32\RPCRT4.dll
0x00007ffe689e0000 - 0x00007ffe689e8000 	C:\WINDOWS\System32\PSAPI.DLL
0x00007ffe5a920000 - 0x00007ffe5a929000 	C:\WINDOWS\SYSTEM32\WSOCK32.dll
0x00007ffe5d4a0000 - 0x00007ffe5d4c7000 	C:\WINDOWS\SYSTEM32\WINMM.dll
0x00007ffe68a50000 - 0x00007ffe68abb000 	C:\WINDOWS\System32\WS2_32.dll
0x00007ffe608e0000 - 0x00007ffe608ea000 	C:\WINDOWS\SYSTEM32\VERSION.dll
0x00007ffe64120000 - 0x00007ffe64132000 	C:\WINDOWS\SYSTEM32\kernel.appcore.dll
0x00007ffe5a9b0000 - 0x00007ffe5a9c1000 	C:\Program Files\Android\Android Studio\jre\bin\verify.dll
0x00007ffe5acc0000 - 0x00007ffe5aea4000 	C:\WINDOWS\SYSTEM32\DBGHELP.DLL
0x00007ffe5a640000 - 0x00007ffe5a66c000 	C:\WINDOWS\SYSTEM32\dbgcore.DLL
0x00007ffe66a20000 - 0x00007ffe66aa2000 	C:\WINDOWS\System32\bcryptPrimitives.dll
0x00007ffe47410000 - 0x00007ffe47439000 	C:\Program Files\Android\Android Studio\jre\bin\java.dll
0x00007ffe61d70000 - 0x00007ffe61d7b000 	C:\Program Files\Android\Android Studio\jre\bin\jimage.dll
0x00007ffe497f0000 - 0x00007ffe49808000 	C:\Program Files\Android\Android Studio\jre\bin\zip.dll
0x00007ffe681f0000 - 0x00007ffe68934000 	C:\WINDOWS\System32\SHELL32.dll
0x00007ffe64400000 - 0x00007ffe64b94000 	C:\WINDOWS\SYSTEM32\windows.storage.dll
0x00007ffe67280000 - 0x00007ffe675d4000 	C:\WINDOWS\System32\combase.dll
0x00007ffe65d30000 - 0x00007ffe65d5c000 	C:\WINDOWS\SYSTEM32\Wldp.dll
0x00007ffe676a0000 - 0x00007ffe6774d000 	C:\WINDOWS\System32\SHCORE.dll
0x00007ffe67d20000 - 0x00007ffe67d75000 	C:\WINDOWS\System32\shlwapi.dll
0x00007ffe66210000 - 0x00007ffe6622f000 	C:\WINDOWS\SYSTEM32\profapi.dll
0x00007ffe49780000 - 0x00007ffe4979a000 	C:\Program Files\Android\Android Studio\jre\bin\net.dll
0x00007ffe58a20000 - 0x00007ffe58b29000 	C:\WINDOWS\SYSTEM32\WINHTTP.dll
0x00007ffe65a90000 - 0x00007ffe65afa000 	C:\WINDOWS\system32\mswsock.dll
0x00007ffe48f30000 - 0x00007ffe48f44000 	C:\Program Files\Android\Android Studio\jre\bin\nio.dll
0x00007ffe35d00000 - 0x00007ffe35d27000 	C:\Users\IMAN\.gradle\native\e1d6ef7f7dcc3fd88c89a11ec53ec762bb8ba0a96d01ffa2cd45eb1d1d8dd5c5\windows-amd64\native-platform.dll
0x00007ffe353a0000 - 0x00007ffe354e4000 	C:\Users\IMAN\.gradle\native\5664cfc778a61ccfe75a443a1ab52a65af34e5dc3c78e0209fed803814484fcb\windows-amd64\native-platform-file-events.dll
0x00007ffe5a8e0000 - 0x00007ffe5a8ea000 	C:\Program Files\Android\Android Studio\jre\bin\management.dll
0x00007ffe568f0000 - 0x00007ffe568fd000 	C:\Program Files\Android\Android Studio\jre\bin\management_ext.dll
0x00007ffe65c90000 - 0x00007ffe65ca8000 	C:\WINDOWS\SYSTEM32\CRYPTSP.dll
0x00007ffe653a0000 - 0x00007ffe653d4000 	C:\WINDOWS\system32\rsaenh.dll
0x00007ffe66ab0000 - 0x00007ffe66ad7000 	C:\WINDOWS\System32\bcrypt.dll
0x00007ffe661d0000 - 0x00007ffe661fe000 	C:\WINDOWS\SYSTEM32\USERENV.dll
0x00007ffe65c80000 - 0x00007ffe65c8c000 	C:\WINDOWS\SYSTEM32\CRYPTBASE.dll
0x00007ffe65730000 - 0x00007ffe6576b000 	C:\WINDOWS\SYSTEM32\IPHLPAPI.DLL
0x00007ffe68b60000 - 0x00007ffe68b68000 	C:\WINDOWS\System32\NSI.dll
0x00007ffe60670000 - 0x00007ffe60687000 	C:\WINDOWS\SYSTEM32\dhcpcsvc6.DLL
0x00007ffe60880000 - 0x00007ffe6089d000 	C:\WINDOWS\SYSTEM32\dhcpcsvc.DLL
0x00007ffe65780000 - 0x00007ffe6584a000 	C:\WINDOWS\SYSTEM32\DNSAPI.dll

dbghelp: loaded successfully - version: 4.0.5 - missing functions: none
symbol engine: initialized successfully - sym options: 0x614 - pdb path: .;C:\Program Files\Android\Android Studio\jre\bin;C:\WINDOWS\SYSTEM32;C:\WINDOWS\WinSxS\amd64_microsoft.windows.common-controls_6595b64144ccf1df_6.0.19041.1110_none_60b5254171f9507e;C:\Program Files\Android\Android Studio\jre\bin\server;C:\Users\IMAN\.gradle\native\e1d6ef7f7dcc3fd88c89a11ec53ec762bb8ba0a96d01ffa2cd45eb1d1d8dd5c5\windows-amd64;C:\Users\IMAN\.gradle\native\5664cfc778a61ccfe75a443a1ab52a65af34e5dc3c78e0209fed803814484fcb\windows-amd64

VM Arguments:
jvm_args: --add-opens=java.base/java.util=ALL-UNNAMED --add-opens=java.base/java.lang=ALL-UNNAMED --add-opens=java.base/java.lang.invoke=ALL-UNNAMED --add-opens=java.base/java.util=ALL-UNNAMED --add-opens=java.prefs/java.util.prefs=ALL-UNNAMED --add-opens=java.prefs/java.util.prefs=ALL-UNNAMED --add-opens=java.base/java.nio.charset=ALL-UNNAMED --add-opens=java.base/java.net=ALL-UNNAMED --add-opens=java.base/java.util.concurrent.atomic=ALL-UNNAMED -Xmx1536m -Dfile.encoding=windows-1252 -Duser.country=US -Duser.language=en -Duser.variant 
java_command: org.gradle.launcher.daemon.bootstrap.GradleDaemon 7.2
java_class_path (initial): C:\Users\IMAN\.gradle\wrapper\dists\gradle-7.2-all\260hg96vuh6ex27h9vo47iv4d\gradle-7.2\lib\gradle-launcher-7.2.jar
Launcher Type: SUN_STANDARD

[Global flags]
     intx CICompilerCount                          = 4                                         {product} {ergonomic}
     uint ConcGCThreads                            = 2                                         {product} {ergonomic}
     uint G1ConcRefinementThreads                  = 8                                         {product} {ergonomic}
   size_t G1HeapRegionSize                         = 1048576                                   {product} {ergonomic}
    uintx GCDrainStackTargetSize                   = 64                                        {product} {ergonomic}
   size_t InitialHeapSize                          = 268435456                                 {product} {ergonomic}
   size_t MarkStackSize                            = 4194304                                   {product} {ergonomic}
   size_t MaxHeapSize                              = 1610612736                                {product} {command line}
   size_t MaxNewSize                               = 965738496                                 {product} {ergonomic}
   size_t MinHeapDeltaBytes                        = 1048576                                   {product} {ergonomic}
    uintx NonNMethodCodeHeapSize                   = 5836300                                {pd product} {ergonomic}
    uintx NonProfiledCodeHeapSize                  = 122910970                              {pd product} {ergonomic}
    uintx ProfiledCodeHeapSize                     = 122910970                              {pd product} {ergonomic}
    uintx ReservedCodeCacheSize                    = 251658240                              {pd product} {ergonomic}
     bool SegmentedCodeCache                       = true                                      {product} {ergonomic}
     bool UseCompressedClassPointers               = true                                 {lp64_product} {ergonomic}
     bool UseCompressedOops                        = true                                 {lp64_product} {ergonomic}
     bool UseG1GC                                  = true                                      {product} {ergonomic}
     bool UseLargePagesIndividualAllocation        = false                                  {pd product} {ergonomic}

Logging:
Log output configuration:
 #0: stdout all=warning uptime,level,tags
 #1: stderr all=off uptime,level,tags

Environment Variables:
PATH=;C:\Program Files\Common Files\Oracle\Java\javapath;C:\Program Files (x86)\Common Files\Oracle\Java\javapath;C:\Windows\system32;C:\Windows;C:\Windows\System32\Wbem;C:\Windows\System32\WindowsPowerShell\v1.0\;C:\Windows\System32\OpenSSH\;C:\Program Files (x86)\NVIDIA Corporation\PhysX\Common;C:\Program Files\NVIDIA Corporation\NVIDIA NvDLISR;C:\Program Files\Java\jdk-11.0.10\bin;C:\Program Files\Git\cmd;C:\Program Files\nodejs\;C:\WINDOWS\system32;C:\WINDOWS;C:\WINDOWS\System32\Wbem;C:\WINDOWS\System32\WindowsPowerShell\v1.0\;C:\WINDOWS\System32\OpenSSH\;C:\xampp\php;C:\ProgramData\ComposerSetup\bin;C:\Users\IMAN\AppData\Local\Programs\Python\Python310\Scripts\;C:\Users\IMAN\AppData\Local\Programs\Python\Python310\;C:\Users\IMAN\AppData\Local\Microsoft\WindowsApps;;C:\Users\IMAN\AppData\Local\Programs\Microsoft VS Code\bin;C:\Users\IMAN\AppData\Roaming\npm;C:\Users\IMAN\AppData\Roaming\Composer\vendor\bin;C:\Users\IMAN\AppData\Local\Pandoc\
USERNAME=IMAN
OS=Windows_NT
PROCESSOR_IDENTIFIER=AMD64 Family 23 Model 113 Stepping 0, AuthenticAMD



---------------  S Y S T E M  ---------------

OS: Windows 10 , 64 bit Build 19041 (10.0.19041.1566)
OS uptime: 0 days 6:59 hours

CPU:total 8 (initial active 8) (8 cores per cpu, 2 threads per core) family 23 model 113 stepping 0 microcode 0x0, cmov, cx8, fxsr, mmx, sse, sse2, sse3, ssse3, sse4.1, sse4.2, popcnt, avx, avx2, aes, clmul, mmxext, 3dnowpref, lzcnt, sse4a, ht, tsc, tscinvbit, tscinv, bmi1, bmi2, adx, 

Memory: 4k page, system-wide physical 16315M (5558M free)
TotalPageFile size 16315M (AvailPageFile size 4M)
current process WorkingSet (physical memory assigned to process): 238M, peak: 238M
current process commit charge ("private bytes"): 408M, peak: 409M

vm_info: OpenJDK 64-Bit Server VM (11.0.11+9-b60-7590822) for windows-amd64 JRE (11.0.11+9-b60-7590822), built on Jul 29 2021 21:43:44 by "builder" with MS VC++ 14.0 (VS2015)

END.
